2025-06-27 14:53:50,915 - INFO - 🚀 Начинаем массовую рассылку...
2025-06-27 14:53:50,915 - INFO - Найдено 3 пользователей в базе данных
2025-06-27 14:53:50,915 - INFO - Начинаем рассылку 3 пользователям
2025-06-27 14:53:50,915 - INFO - Обрабатываем батч 1/1 (3 пользователей)
2025-06-27 14:53:52,974 - INFO - Прогресс: 3/3 (100.0%)
2025-06-27 14:53:52,974 - INFO - ==================================================
2025-06-27 14:53:52,974 - INFO - СТАТИСТИКА РАССЫЛКИ
2025-06-27 14:53:52,974 - INFO - ==================================================
2025-06-27 14:53:52,974 - INFO - Всего пользователей: 3
2025-06-27 14:53:52,974 - INFO - Успешно отправлено: 2
2025-06-27 14:53:52,974 - INFO - Заблокировали бота: 0
2025-06-27 14:53:52,975 - INFO - Чат не найден: 1
2025-06-27 14:53:52,975 - INFO - Аккаунт деактивирован: 0
2025-06-27 14:53:52,975 - INFO - Другие ошибки API: 0
2025-06-27 14:53:52,975 - INFO - Неожиданные ошибки: 0
2025-06-27 14:53:52,975 - INFO - Время выполнения: 2.1 секунд
2025-06-27 14:53:52,975 - INFO - Успешность доставки: 66.7%
2025-06-27 14:53:52,975 - INFO - ==================================================
2025-06-27 14:53:52,975 - INFO - ✅ Рассылка завершена!
2025-07-01 21:21:12,378 - INFO - 🚀 Начинаем массовую рассылку...
2025-07-01 21:21:12,384 - INFO - Найдено 3 пользователей в базе данных
2025-07-01 21:21:12,385 - INFO - Начинаем рассылку 3 пользователям
2025-07-01 21:21:12,385 - INFO - Обрабатываем батч 1/1 (3 пользователей)
2025-07-01 21:21:21,345 - INFO - Прогресс: 3/3 (100.0%)
2025-07-01 21:21:21,346 - INFO - ==================================================
2025-07-01 21:21:21,346 - INFO - СТАТИСТИКА РАССЫЛКИ
2025-07-01 21:21:21,346 - INFO - ==================================================
2025-07-01 21:21:21,346 - INFO - Всего пользователей: 3
2025-07-01 21:21:21,346 - INFO - Успешно отправлено: 2
2025-07-01 21:21:21,346 - INFO - Заблокировали бота: 0
2025-07-01 21:21:21,346 - INFO - Чат не найден: 1
2025-07-01 21:21:21,346 - INFO - Аккаунт деактивирован: 0
2025-07-01 21:21:21,346 - INFO - Другие ошибки API: 0
2025-07-01 21:21:21,346 - INFO - Неожиданные ошибки: 0
2025-07-01 21:21:21,347 - INFO - Время выполнения: 9.0 секунд
2025-07-01 21:21:21,347 - INFO - Успешность доставки: 66.7%
2025-07-01 21:21:21,347 - INFO - ==================================================
2025-07-01 21:21:21,347 - INFO - ✅ Рассылка завершена!
2025-07-01 21:24:26,230 - INFO - 🚀 Начинаем массовую рассылку...
2025-07-01 21:24:26,231 - INFO - Найдено 3 пользователей в базе данных
2025-07-01 21:24:26,231 - INFO - Начинаем рассылку 3 пользователям
2025-07-01 21:24:26,231 - INFO - Обрабатываем батч 1/1 (3 пользователей)
2025-07-01 21:24:27,843 - INFO - Прогресс: 3/3 (100.0%)
2025-07-01 21:24:27,843 - INFO - ==================================================
2025-07-01 21:24:27,844 - INFO - СТАТИСТИКА РАССЫЛКИ
2025-07-01 21:24:27,844 - INFO - ==================================================
2025-07-01 21:24:27,844 - INFO - Всего пользователей: 3
2025-07-01 21:24:27,844 - INFO - Успешно отправлено: 2
2025-07-01 21:24:27,844 - INFO - Заблокировали бота: 0
2025-07-01 21:24:27,845 - INFO - Чат не найден: 1
2025-07-01 21:24:27,845 - INFO - Аккаунт деактивирован: 0
2025-07-01 21:24:27,845 - INFO - Другие ошибки API: 0
2025-07-01 21:24:27,853 - INFO - Неожиданные ошибки: 0
2025-07-01 21:24:27,853 - INFO - Время выполнения: 1.6 секунд
2025-07-01 21:24:27,853 - INFO - Успешность доставки: 66.7%
2025-07-01 21:24:27,853 - INFO - ==================================================
2025-07-01 21:24:27,853 - INFO - ✅ Рассылка завершена!
2025-07-01 21:25:15,672 - INFO - 🚀 Начинаем массовую рассылку...
2025-07-01 21:25:15,672 - INFO - Найдено 3 пользователей в базе данных
2025-07-01 21:25:15,672 - INFO - Начинаем рассылку 3 пользователям
2025-07-01 21:25:15,672 - INFO - Обрабатываем батч 1/1 (3 пользователей)
2025-07-01 21:25:17,098 - INFO - Прогресс: 3/3 (100.0%)
2025-07-01 21:25:17,098 - INFO - ==================================================
2025-07-01 21:25:17,098 - INFO - СТАТИСТИКА РАССЫЛКИ
2025-07-01 21:25:17,098 - INFO - ==================================================
2025-07-01 21:25:17,098 - INFO - Всего пользователей: 3
2025-07-01 21:25:17,098 - INFO - Успешно отправлено: 2
2025-07-01 21:25:17,098 - INFO - Заблокировали бота: 0
2025-07-01 21:25:17,098 - INFO - Чат не найден: 1
2025-07-01 21:25:17,098 - INFO - Аккаунт деактивирован: 0
2025-07-01 21:25:17,098 - INFO - Другие ошибки API: 0
2025-07-01 21:25:17,098 - INFO - Неожиданные ошибки: 0
2025-07-01 21:25:17,099 - INFO - Время выполнения: 1.4 секунд
2025-07-01 21:25:17,099 - INFO - Успешность доставки: 66.7%
2025-07-01 21:25:17,099 - INFO - ==================================================
2025-07-01 21:25:17,099 - INFO - ✅ Рассылка завершена!
2025-07-01 21:26:10,433 - INFO - 🚀 Начинаем массовую рассылку...
2025-07-01 21:26:10,433 - INFO - Найдено 3 пользователей в базе данных
2025-07-01 21:26:10,433 - INFO - Начинаем рассылку 3 пользователям
2025-07-01 21:26:10,433 - INFO - Обрабатываем батч 1/1 (3 пользователей)
2025-07-01 21:26:12,074 - INFO - Прогресс: 3/3 (100.0%)
2025-07-01 21:26:12,075 - INFO - ==================================================
2025-07-01 21:26:12,075 - INFO - СТАТИСТИКА РАССЫЛКИ
2025-07-01 21:26:12,075 - INFO - ==================================================
2025-07-01 21:26:12,075 - INFO - Всего пользователей: 3
2025-07-01 21:26:12,075 - INFO - Успешно отправлено: 2
2025-07-01 21:26:12,075 - INFO - Заблокировали бота: 0
2025-07-01 21:26:12,075 - INFO - Чат не найден: 1
2025-07-01 21:26:12,075 - INFO - Аккаунт деактивирован: 0
2025-07-01 21:26:12,076 - INFO - Другие ошибки API: 0
2025-07-01 21:26:12,076 - INFO - Неожиданные ошибки: 0
2025-07-01 21:26:12,076 - INFO - Время выполнения: 1.6 секунд
2025-07-01 21:26:12,076 - INFO - Успешность доставки: 66.7%
2025-07-01 21:26:12,076 - INFO - ==================================================
2025-07-01 21:26:12,076 - INFO - ✅ Рассылка завершена!
2025-07-01 21:26:36,669 - INFO - 🚀 Начинаем массовую рассылку...
2025-07-01 21:26:36,669 - INFO - Найдено 3 пользователей в базе данных
2025-07-01 21:26:36,669 - INFO - Начинаем рассылку 3 пользователям
2025-07-01 21:26:36,669 - INFO - Обрабатываем батч 1/1 (3 пользователей)
2025-07-01 21:26:37,640 - INFO - Прогресс: 3/3 (100.0%)
2025-07-01 21:26:37,640 - INFO - ==================================================
2025-07-01 21:26:37,647 - INFO - СТАТИСТИКА РАССЫЛКИ
2025-07-01 21:26:37,647 - INFO - ==================================================
2025-07-01 21:26:37,647 - INFO - Всего пользователей: 3
2025-07-01 21:26:37,647 - INFO - Успешно отправлено: 2
2025-07-01 21:26:37,648 - INFO - Заблокировали бота: 0
2025-07-01 21:26:37,648 - INFO - Чат не найден: 1
2025-07-01 21:26:37,648 - INFO - Аккаунт деактивирован: 0
2025-07-01 21:26:37,648 - INFO - Другие ошибки API: 0
2025-07-01 21:26:37,649 - INFO - Неожиданные ошибки: 0
2025-07-01 21:26:37,649 - INFO - Время выполнения: 1.0 секунд
2025-07-01 21:26:37,649 - INFO - Успешность доставки: 66.7%
2025-07-01 21:26:37,649 - INFO - ==================================================
2025-07-01 21:26:37,649 - INFO - ✅ Рассылка завершена!
